C51 COMPILER V9.60.7.0   MAIN                                                              05/20/2024 17:58:06 PAGE 1   


C51 COMPILER V9.60.7.0, COMPILATION OF MODULE MAIN
OBJECT MODULE PLACED IN .\Objects\main.obj
COMPILER INVOKED BY: E:\Keil_v5\C51\BIN\C51.EXE main.c OPTIMIZE(8,SPEED) BROWSE DEBUG OBJECTEXTEND PRINT(.\Listings\main
                    -.lst) TABS(2) OBJECT(.\Objects\main.obj)

line level    source

   1          #include <REGX52.H>
   2          #include "NIXIE.H"
   3          #include "TIMER0.H"
   4          #include "DELAY.H"
   5          #include "KEY.H"
   6          #include "LCD1602.H"
   7          
   8          sbit LED=P2^0;
   9          unsigned char Counter,Compare,KeyNum,Mode,Speed;
  10          
  11          void main()
  12          {
  13   1        LCD_Init();
  14   1        Timer0Init();
  15   1        Compare=5;
  16   1        while(1)
  17   1        {
  18   2          KeyNum=Key();
  19   2          if(KeyNum==1)
  20   2          {
  21   3            Mode++;
  22   3            Mode%=5;
  23   3            if(Mode==0){Compare=0;}
  24   3            if(Mode==1){Compare=25;}
  25   3            if(Mode==2){Compare=50;}
  26   3            if(Mode==3){Compare=75;}
  27   3            if(Mode==4){Compare=100;}
  28   3          }
  29   2      //    Nixie(1,Mode);
  30   2          LCD_ShowString(1,1,"Mode:");
  31   2          LCD_ShowNum(1,6,Mode,1);
  32   2          LCD_ShowString(2,1,"duty ratio:");
  33   2          LCD_ShowNum(2,12,Compare,3);
  34   2        }
  35   1      }
  36          
  37          //100us加1
  38          void Timer0_Routine() interrupt 1
  39          {
  40   1        TL0 = 0xA4; //设置定时初值
  41   1        TH0 = 0xFF; //设置定时初值
  42   1        Counter++;
  43   1        Counter%=100; //取模运算，100%100=0，给Counter置0
  44   1        if(Counter<Compare) //低于设定值的部分
  45   1        {
  46   2          LED=0;
  47   2        }
  48   1        else
  49   1        {
  50   2          LED=1;
  51   2        }
  52   1      }
  53          
  54          
C51 COMPILER V9.60.7.0   MAIN                                                              05/20/2024 17:58:06 PAGE 2   

  55          


MODULE INFORMATION:   STATIC OVERLAYABLE
   CODE SIZE        =    170    ----
   CONSTANT SIZE    =     18    ----
   XDATA SIZE       =   ----    ----
   PDATA SIZE       =   ----    ----
   DATA SIZE        =      5    ----
   IDATA SIZE       =   ----    ----
   BIT SIZE         =   ----    ----
END OF MODULE INFORMATION.


C51 COMPILATION COMPLETE.  0 WARNING(S),  0 ERROR(S)
