C51 COMPILER V9.60.0.0   MAIN                                                              05/06/2024 16:42:42 PAGE 1   


C51 COMPILER V9.60.0.0, COMPILATION OF MODULE MAIN
OBJECT MODULE PLACED IN .\Objects\main.obj
COMPILER INVOKED BY: E:\Keil_v5\C51\BIN\C51.EXE main.c OPTIMIZE(8,SPEED) BROWSE DEBUG OBJECTEXTEND PRINT(.\Listings\main
                    -.lst) TABS(2) OBJECT(.\Objects\main.obj)

line level    source

   1          #include <REGX52.H>
   2          #include "DELAY.H"
   3          #include "TIMER0.H"
   4          
   5          sbit Buzzer=P2^5;
   6          
   7          void main()
   8          {
   9   1        Timer0Init();
  10   1        while(1)
  11   1        {
  12   2          
  13   2        }
  14   1      }
  15          
  16          void Timer0_Routine() interrupt 1
  17          {
  18   1        static unsigned int T0Count;
  19   1        TL0 = 0x66;   //设置定时初值 定时器定时1ms
  20   1        TH0 = 0xFC;   //设置定时初值
  21   1        T0Count++;
  22   1        if(T0Count>=1000)
  23   1        {
  24   2          P2=0x01;
  25   2          T0Count=0;
  26   2        }
  27   1      }


MODULE INFORMATION:   STATIC OVERLAYABLE
   CODE SIZE        =     46    ----
   CONSTANT SIZE    =   ----    ----
   XDATA SIZE       =   ----    ----
   PDATA SIZE       =   ----    ----
   DATA SIZE        =      2    ----
   IDATA SIZE       =   ----    ----
   BIT SIZE         =   ----    ----
END OF MODULE INFORMATION.


C51 COMPILATION COMPLETE.  0 WARNING(S),  0 ERROR(S)
