C51 COMPILER V9.60.7.0   MAIN                                                              05/14/2024 21:42:00 PAGE 1   


C51 COMPILER V9.60.7.0, COMPILATION OF MODULE MAIN
OBJECT MODULE PLACED IN .\Objects\main.obj
COMPILER INVOKED BY: E:\Keil_v5\C51\BIN\C51.EXE main.c OPTIMIZE(8,SPEED) BROWSE DEBUG OBJECTEXTEND PRINT(.\Listings\main
                    -.lst) TABS(2) OBJECT(.\Objects\main.obj)

line level    source

   1          #include <REGX52.H>
   2          #include "TIMER0.H"
   3          #include "AT24C02.H"
   4          #include "DELAY.H"
   5          #include "I2C.H"
   6          #include "KEY.H"
   7          #include "NIXIE.H"
   8          
   9          unsigned char KeyNum,Temp,Min,Sec,MiniSec;
  10          unsigned char RunFlag;
  11          void main()
  12          {
  13   1        Timer0Init();
  14   1      
  15   1        while(1)
  16   1        {
  17   2          KeyNum=Key();
  18   2          if(KeyNum==1)
  19   2          {
  20   3            RunFlag=!RunFlag;
  21   3          }
  22   2          if(KeyNum==2)
  23   2          {
  24   3            Min=0;
  25   3            Sec=0;
  26   3            MiniSec=0;
  27   3          }
  28   2          if(KeyNum==3)
  29   2          {
  30   3            AT24C02_WriteByte(0,Min);
  31   3            Delay(5);
  32   3            AT24C02_WriteByte(1,Sec);
  33   3            Delay(5);
  34   3            AT24C02_WriteByte(2,MiniSec);
  35   3            Delay(5);
  36   3          }
  37   2          if(KeyNum==4)
  38   2          {
  39   3            Min=AT24C02_ReadByte(0);
  40   3            Sec=AT24C02_ReadByte(1);
  41   3            MiniSec=AT24C02_ReadByte(2);
  42   3          }   
  43   2          Nixie_SetBuf(1,Min/10);
  44   2          Nixie_SetBuf(2,Min%10);
  45   2          Nixie_SetBuf(3,11);
  46   2          Nixie_SetBuf(4,Sec/10);
  47   2          Nixie_SetBuf(5,Sec%10);
  48   2          Nixie_SetBuf(6,11);
  49   2          Nixie_SetBuf(7,MiniSec/10);
  50   2          Nixie_SetBuf(8,MiniSec%10);
  51   2          
  52   2        }
  53   1      }
  54          
C51 COMPILER V9.60.7.0   MAIN                                                              05/14/2024 21:42:00 PAGE 2   

  55          void Sec_Loop(void)
  56          {
  57   1        if(RunFlag)
  58   1        {
  59   2          MiniSec++;
  60   2          if(MiniSec>=100)
  61   2          {
  62   3            MiniSec=0;
  63   3            Sec++;
  64   3            if(Sec>=60)
  65   3            {
  66   4              Sec=0;
  67   4              Min++;
  68   4              if(Min>=60)
  69   4              {
  70   5                Min=0;
  71   5              }
  72   4            }
  73   3          }
  74   2        }
  75   1      }
  76          
  77          void Timer0_Routine() interrupt 1
  78          {
  79   1        static unsigned int T0Count1,T0Count2,T0Count3;
  80   1        TL0 = 0x66;   //设置定时初值
  81   1        TH0 = 0xFC;   //设置定时初值
  82   1        T0Count1++;
  83   1        if(T0Count1>=20)
  84   1        {
  85   2          T0Count1=0;
  86   2          Key_Loop();
  87   2        }
  88   1        T0Count2++;
  89   1        if(T0Count2>=2)
  90   1        {
  91   2          T0Count2=0;
  92   2          Nixie_Loop();
  93   2        }
  94   1        T0Count3++;
  95   1        if(T0Count3>=10)
  96   1        {
  97   2          T0Count3=0;
  98   2          Sec_Loop();
  99   2        }
 100   1      }


MODULE INFORMATION:   STATIC OVERLAYABLE
   CODE SIZE        =    404    ----
   CONSTANT SIZE    =   ----    ----
   XDATA SIZE       =   ----    ----
   PDATA SIZE       =   ----    ----
   DATA SIZE        =     12    ----
   IDATA SIZE       =   ----    ----
   BIT SIZE         =   ----    ----
END OF MODULE INFORMATION.


C51 COMPILATION COMPLETE.  0 WARNING(S),  0 ERROR(S)
