C51 COMPILER V9.60.0.0   NIXIE                                                             05/06/2024 14:12:44 PAGE 1   


C51 COMPILER V9.60.0.0, COMPILATION OF MODULE NIXIE
OBJECT MODULE PLACED IN .\Objects\Nixie.obj
COMPILER INVOKED BY: E:\Keil_v5\C51\BIN\C51.EXE Nixie.c OPTIMIZE(8,SPEED) BROWSE DEBUG OBJECTEXTEND PRINT(.\Listings\Nix
                    -ie.lst) TABS(2) OBJECT(.\Objects\Nixie.obj)

line level    source

   1          #include <REGX52.H>
   2          #include "DELAY.h"
   3          
   4          //数码管段码表
   5          extern unsigned char NixieTable[]={0x3F,0x06,0x5B,0x4F,0x66,0x6D,0x7D,0x07,0x7F,0x6F};
   6          
   7          /**
   8            * @brief  数码管显示
   9            * @param  无
  10            * @retval 无
  11            */
  12          void Nixie(unsigned char Location,Number)
  13          {
  14   1        switch(Location)    //位码输出
  15   1        {
  16   2          case 1:P2_4=1;P2_3=1;P2_2=1;break;
  17   2          case 2:P2_4=1;P2_3=1;P2_2=0;break;
  18   2          case 3:P2_4=1;P2_3=0;P2_2=1;break;
  19   2          case 4:P2_4=1;P2_3=0;P2_2=0;break;
  20   2          case 5:P2_4=0;P2_3=1;P2_2=1;break;
  21   2          case 6:P2_4=0;P2_3=1;P2_2=0;break;
  22   2          case 7:P2_4=0;P2_3=0;P2_2=1;break;
  23   2          case 8:P2_4=0;P2_3=0;P2_2=0;break;
  24   2        }
  25   1        P0=NixieTable[Number];  //段码输出
  26   1        Delay(1);       //显示一段时间
  27   1        P0=0x00;        //段码清0，消影
  28   1      }


MODULE INFORMATION:   STATIC OVERLAYABLE
   CODE SIZE        =    107    ----
   CONSTANT SIZE    =   ----    ----
   XDATA SIZE       =   ----    ----
   PDATA SIZE       =   ----    ----
   DATA SIZE        =     10    ----
   IDATA SIZE       =   ----    ----
   BIT SIZE         =   ----    ----
END OF MODULE INFORMATION.


C51 COMPILATION COMPLETE.  0 WARNING(S),  0 ERROR(S)
