C51 COMPILER V9.60.7.0   LCD1602                                                           05/19/2024 19:38:55 PAGE 1   


C51 COMPILER V9.60.7.0, COMPILATION OF MODULE LCD1602
OBJECT MODULE PLACED IN .\Objects\LCD1602.obj
COMPILER INVOKED BY: E:\Keil_v5\C51\BIN\C51.EXE LCD1602.c OPTIMIZE(8,SPEED) BROWSE DEBUG OBJECTEXTEND PRINT(.\Listings\L
                    -CD1602.lst) TABS(2) OBJECT(.\Objects\LCD1602.obj)

line level    source

   1          #include <REGX52.H>
   2          #include "LCD1602.H"
   3          
   4          sbit LCD_RS=P2^6;
   5          sbit LCD_RW=P2^5;
   6          sbit LCD_E=P2^7;
   7          #define LCD_DataPort P0
   8          
   9          void Delay1ms(void) //@11.0592MHz
  10          {
  11   1        unsigned char data i, j;
  12   1      
  13   1        i = 11;
  14   1        j = 190;
  15   1        do
  16   1        {
  17   2          while (--j);
  18   2        } while (--i);
  19   1      }
  20          
  21          //设置光标位置
  22          void LCD_SetCursor(unsigned char Line,unsigned char Column)
  23          {
  24   1        if(Line==1)
  25   1        {
  26   2          LCD_WriteCommand(0x80|(Column-1));
  27   2        }
  28   1        else
  29   1        {
  30   2          LCD_WriteCommand(0x80|(Column-1)+0x40);
  31   2        }
  32   1      }
  33          
  34          //写入指令
  35          void LCD_WriteCommand(unsigned char Command)
  36          {
  37   1        LCD_RS=0;
  38   1        LCD_RW=0;
  39   1        LCD_DataPort=Command;
  40   1        LCD_E=1;
  41   1        Delay1ms();
  42   1        LCD_E=0;
  43   1        Delay1ms();
  44   1      }
  45          
  46          //写入数据
  47          void LCD_WriteData(unsigned char Data)
  48          {
  49   1        LCD_RS=1;
  50   1        LCD_RW=0;
  51   1        LCD_DataPort=Data;
  52   1        LCD_E=1;
  53   1        Delay1ms();
  54   1        LCD_E=0;
C51 COMPILER V9.60.7.0   LCD1602                                                           05/19/2024 19:38:55 PAGE 2   

  55   1        Delay1ms();
  56   1      }
  57          
  58          //LCD初始化函数
  59          void LCD_Init()
  60          {
  61   1        LCD_WriteCommand(0x38); //八位数据接口，两行显示，5*7点阵
  62   1        LCD_WriteCommand(0x0c); //显示开，光标关，闪烁关
  63   1        LCD_WriteCommand(0x06); //数据读写操作后，光标自动加一，画面不动
  64   1        LCD_WriteCommand(0x01); //清屏
  65   1      }
  66          
  67          //显示字符：行，列，字符
  68          void LCD_ShowChar(unsigned char Line,unsigned char Column,unsigned char Char)
  69          {
  70   1        LCD_SetCursor(Line,Column);
  71   1        LCD_WriteData(Char);
  72   1      }
  73          
  74          //显示字符串
  75          void LCD_ShowString(unsigned char Line,unsigned char Column,unsigned char *String)
  76          {
  77   1        unsigned char i;
  78   1        LCD_SetCursor(Line,Column);
  79   1        for(i=0;*(String+i)!='\0';i++)
  80   1        {
  81   2          LCD_WriteData(*(String+i));
  82   2        }
  83   1      }
  84          
  85          int LCD_Pow(int X,int Y)
  86          {
  87   1        unsigned char i;
  88   1        int Result=1;
  89   1        for(i=0;i<Y;i++)
  90   1        {
  91   2          Result*=X;
  92   2        }
  93   1        return Result;
  94   1      }
  95          
  96          //显示无符号数字
  97          void LCD_ShowNum(unsigned char Line,unsigned char Column,unsigned int Number,unsigned char Length)
  98          {
  99   1        unsigned char i;
 100   1        LCD_SetCursor(Line,Column);
 101   1        for(i=Length;i>0;i--)
 102   1        {
 103   2          LCD_WriteData('0'+Number/LCD_Pow(10,i-1)%10);
 104   2        }
 105   1      }
 106          
 107          //显示有符号数字
 108          void LCD_ShowSignedNum(unsigned char Line,unsigned char Column,int Number,unsigned char Length)
 109          {
 110   1        unsigned char i;
 111   1        unsigned int Number1;
 112   1        LCD_SetCursor(Line,Column);
 113   1        if(Number>=0)
 114   1        {
 115   2          LCD_WriteData('+');
 116   2          Number1=Number;
C51 COMPILER V9.60.7.0   LCD1602                                                           05/19/2024 19:38:55 PAGE 3   

 117   2        }
 118   1        else
 119   1        {
 120   2          LCD_WriteData('-');
 121   2          Number1=-Number;
 122   2        }
 123   1        for(i=Length;i>0;i--)
 124   1        {
 125   2          LCD_WriteData('0'+Number1/LCD_Pow(10,i-1)%10);
 126   2        } 
 127   1      }
 128          
 129          //显示十六进制数字
 130          void LCD_ShowHexNum(unsigned char Line,unsigned char Column,int Number,unsigned char Length)
 131          {
 132   1        unsigned char i;
 133   1        unsigned char SingleNumber;
 134   1        LCD_SetCursor(Line,Column);
 135   1        for(i=Length;i>0;i--)
 136   1        {
 137   2          SingleNumber=Number/LCD_Pow(16,i-1)%16;
 138   2          if(SingleNumber<10)
 139   2          {
 140   3            LCD_WriteData('0'+SingleNumber);
 141   3          }
 142   2          else
 143   2          {
 144   3            LCD_WriteData('A'+SingleNumber-10);
 145   3          }
 146   2        }
 147   1      }
 148          
 149          //显示二进制数字
 150          void LCD_ShowBinNum(unsigned char Line,unsigned char Column,int Number,unsigned char Length)
 151          {
 152   1        unsigned char i;
 153   1        LCD_SetCursor(Line,Column);
 154   1        for(i=Length;i>0;i--)
 155   1        {
 156   2          LCD_WriteData('0'+Number/LCD_Pow(2,i-1)%2);
 157   2        }
 158   1      }


MODULE INFORMATION:   STATIC OVERLAYABLE
   CODE SIZE        =    406    ----
   CONSTANT SIZE    =   ----    ----
   XDATA SIZE       =   ----    ----
   PDATA SIZE       =   ----    ----
   DATA SIZE        =   ----      31
   IDATA SIZE       =   ----    ----
   BIT SIZE         =   ----    ----
END OF MODULE INFORMATION.


C51 COMPILATION COMPLETE.  0 WARNING(S),  0 ERROR(S)
