C51 COMPILER V9.60.7.0   MAIN                                                              05/26/2024 21:02:14 PAGE 1   


C51 COMPILER V9.60.7.0, COMPILATION OF MODULE MAIN
OBJECT MODULE PLACED IN .\Objects\main.obj
COMPILER INVOKED BY: E:\Keil_v5\C51\BIN\C51.EXE main.c OPTIMIZE(8,SPEED) BROWSE DEBUG OBJECTEXTEND PRINT(.\Listings\main
                    -.lst) TABS(2) OBJECT(.\Objects\main.obj)

line level    source

   1          #include <REGX52.H>
   2          #include "LCD1602.H"
   3          #include "DELAY.H"
   4          
   5          void main()
   6          {
   7   1        LCD_Init();
   8   1        LCD_ShowChar(1,1,'d');
   9   1        LCD_ShowString(1,3,"Hello World");
  10   1        LCD_ShowHexNum(1,13,0xAb,4);
  11   1        LCD_ShowBinNum(2,1,0xA5,4);
  12   1        LCD_ShowChar(2,6,0xe8);
  13   1        LCD_ShowString(2,7,"Zhang Chu");
  14   1        while(1)
  15   1        {
  16   2          
  17   2        }
  18   1      }


MODULE INFORMATION:   STATIC OVERLAYABLE
   CODE SIZE        =     77    ----
   CONSTANT SIZE    =     22    ----
   XDATA SIZE       =   ----    ----
   PDATA SIZE       =   ----    ----
   DATA SIZE        =   ----    ----
   IDATA SIZE       =   ----    ----
   BIT SIZE         =   ----    ----
END OF MODULE INFORMATION.


C51 COMPILATION COMPLETE.  0 WARNING(S),  0 ERROR(S)
