C51 COMPILER V9.60.7.0   XPT2046                                                           05/22/2024 15:48:41 PAGE 1   


C51 COMPILER V9.60.7.0, COMPILATION OF MODULE XPT2046
OBJECT MODULE PLACED IN .\Objects\XPT2046.obj
COMPILER INVOKED BY: E:\Keil_v5\C51\BIN\C51.EXE ..\ʱPWMֱ\XPT2046.c OPTIMIZE(8,SPEED) BROWSE DEBUG OB
                    -JECTEXTEND PRINT(.\Listings\XPT2046.lst) TABS(2) OBJECT(.\Objects\XPT2046.obj)

line level    source

   1          #include <REGX52.H>
   2          
   3          /*SPI协议 引脚重定义*/
   4          sbit XPT2046_CS=P3^5;
   5          sbit XPT2046_DCLK=P3^6;
   6          sbit XPT2046_DIN=P3^4;
   7          sbit XPT2046_DOUT=P3^7;
   8          
   9          /*XPT2046转换后为16位*/
  10          
  11          /*返回的值是12位,定义int函数*/
  12          unsigned int XPT2046_ReadAD(unsigned char Command)
  13          {
  14   1        unsigned char i;
  15   1        unsigned int ADValue=0;
  16   1        /*写时序*/
  17   1        XPT2046_DCLK=0; //DCLK先于CS置0
  18   1        XPT2046_CS=0; //先将CS置0
  19   1        for(i=0;i<8;i++)  //依次将bit放入DIN中
  20   1        {
  21   2          XPT2046_DIN=Command&(0x80>>i);  //将控制字的最高位放入DIN
  22   2          XPT2046_DCLK=1; //上升沿发送
  23   2          XPT2046_DCLK=0;   
  24   2        }
  25   1        /*读取*/
  26   1        for(i=0;i<16;i++)
  27   1        {
  28   2          XPT2046_DCLK=1;
  29   2          XPT2046_DCLK=0; //下降沿读取
  30   2          if(XPT2046_DOUT){ADValue|=(0x8000>>i);}
  31   2        }
  32   1        XPT2046_CS=1; //CS置高，时序结束
  33   1        if(Command&0x08){return ADValue>>8;}
  34   1        else{return ADValue>>4;}
  35   1      }


MODULE INFORMATION:   STATIC OVERLAYABLE
   CODE SIZE        =    110    ----
   CONSTANT SIZE    =   ----    ----
   XDATA SIZE       =   ----    ----
   PDATA SIZE       =   ----    ----
   DATA SIZE        =   ----       2
   IDATA SIZE       =   ----    ----
   BIT SIZE         =   ----    ----
END OF MODULE INFORMATION.


C51 COMPILATION COMPLETE.  0 WARNING(S),  0 ERROR(S)
