C51 COMPILER V9.60.7.0   MAIN                                                              05/18/2024 13:36:39 PAGE 1   


C51 COMPILER V9.60.7.0, COMPILATION OF MODULE MAIN
OBJECT MODULE PLACED IN .\Objects\main.obj
COMPILER INVOKED BY: E:\Keil_v5\C51\BIN\C51.EXE main.c OPTIMIZE(8,SPEED) BROWSE DEBUG OBJECTEXTEND PRINT(.\Listings\main
                    -.lst) TABS(2) OBJECT(.\Objects\main.obj)

line level    source

   1          #include <REGX52.H>
   2          #include <AT24C02.H>
   3          #include <DELAY.H>
   4          #include <DS18B20.H>
   5          #include <I2C.H>
   6          #include <KEY.H>
   7          #include <LCD1602.H>
   8          #include <ONEWIRE.H>
   9          #include <Timer0.H>
  10          
  11          float T,TShow;
  12          char TLow;THigh;  //温度低位和高位
  13          unsigned char KeyNum;
  14          
  15          void main()
  16          {
  17   1        DS18B20_ConvertT();
  18   1        Delay(1000);
  19   1        LCD_Init();
  20   1        THigh=AT24C02_ReadByte(0);
  21   1        TLow=AT24C02_ReadByte(1);
  22   1        if(THigh>125||TLow<-55||THigh<=TLow)
  23   1        {
  24   2          THigh=20;
  25   2          TLow=15;
  26   2        }
  27   1        LCD_ShowString(1,1,"T:");
  28   1        LCD_ShowString(2,1,"TH:");
  29   1        LCD_ShowString(2,9,"TL:");
  30   1        LCD_ShowChar(1,10,0xDF);
  31   1        LCD_ShowChar(1,11,'C'); 
  32   1        while(1)
  33   1        {
  34   2          KeyNum=Key();
  35   2          /*温度读取和显示*/
  36   2          DS18B20_ConvertT();
  37   2          T=DS18B20_ReadT();
  38   2          
  39   2          //判断部分
  40   2          if(T>THigh)
  41   2          {
  42   3            LCD_ShowString(1,13,"OV:H");
  43   3          }
  44   2          else if(T<TLow)
  45   2          {
  46   3            LCD_ShowString(1,13,"OV:L");      
  47   3          }
  48   2          else
  49   2          {
  50   3            LCD_ShowString(1,13,"    ");    
  51   3          }
  52   2          
  53   2          
  54   2          if(T<0)
C51 COMPILER V9.60.7.0   MAIN                                                              05/18/2024 13:36:39 PAGE 2   

  55   2          {
  56   3            LCD_ShowChar(1,3,'-');
  57   3            TShow=-T;
  58   3          }
  59   2          else
  60   2          {
  61   3            LCD_ShowChar(1,3,'+');
  62   3            TShow=T;
  63   3          }
  64   2          LCD_ShowNum(1,4,TShow,3);
  65   2          LCD_ShowChar(1,7,'.');
  66   2          LCD_ShowNum(1,8,(unsigned long)(TShow*100)%100,2);
  67   2          
  68   2          /*阈值判断和显示*/
  69   2          if(KeyNum)
  70   2          {
  71   3            if(KeyNum==1)
  72   3            {
  73   4              THigh++;
  74   4              if(THigh>125){THigh=125;}
  75   4            }
  76   3            if(KeyNum==2)
  77   3            {
  78   4              THigh--;
  79   4              if(THigh<=TLow){THigh++;}
  80   4            }
  81   3            if(KeyNum==3)
  82   3            {
  83   4              TLow++;
  84   4              if(TLow>=THigh){TLow--;}
  85   4            }
  86   3            if(KeyNum==4)
  87   3            {
  88   4              TLow--;
  89   4              if(TLow<-55){TLow=-55;}
  90   4            }
  91   3          }
  92   2          LCD_ShowSignedNum(2,4,THigh,3);
  93   2          LCD_ShowSignedNum(2,12,TLow,3);
  94   2          AT24C02_WriteByte(0,THigh);
  95   2          Delay(5);
  96   2          AT24C02_WriteByte(1,TLow);
  97   2          Delay(5);
  98   2        } //while(1)end
  99   1      } //main()end
 100          
 101          void Timer0_Routine() interrupt 1
 102          {
 103   1        static unsigned int T0Count;
 104   1        TL0 = 0x66;   //设置定时初值
 105   1        TH0 = 0xFC;   //设置定时初值
 106   1        T0Count++;
 107   1        if(T0Count>=20)
 108   1        {
 109   2          T0Count=0;
 110   2          Key_Loop();
 111   2        }
 112   1      }


MODULE INFORMATION:   STATIC OVERLAYABLE
   CODE SIZE        =    645    ----
C51 COMPILER V9.60.7.0   MAIN                                                              05/18/2024 13:36:39 PAGE 3   

   CONSTANT SIZE    =     26    ----
   XDATA SIZE       =   ----    ----
   PDATA SIZE       =   ----    ----
   DATA SIZE        =     14    ----
   IDATA SIZE       =   ----    ----
   BIT SIZE         =   ----    ----
END OF MODULE INFORMATION.


C51 COMPILATION COMPLETE.  0 WARNING(S),  0 ERROR(S)
