C51 COMPILER V9.60.7.0   ONEWIRE                                                           05/17/2024 20:22:34 PAGE 1   


C51 COMPILER V9.60.7.0, COMPILATION OF MODULE ONEWIRE
OBJECT MODULE PLACED IN .\Objects\OneWire.obj
COMPILER INVOKED BY: E:\Keil_v5\C51\BIN\C51.EXE OneWire.c OPTIMIZE(8,SPEED) BROWSE DEBUG OBJECTEXTEND PRINT(.\Listings\O
                    -neWire.lst) TABS(2) OBJECT(.\Objects\OneWire.obj)

line level    source

   1          #include <REGX52.H>
   2          #include "DELAY.H"
   3          //DS18B20单总线通信
   4          sbit OneWire_DQ=P3^7;
   5          
   6          /*  初始化：主机将总线拉低至少480us，然后释放总线，等待15-60us后，
   7          从机拉低总线60-240us响应主机，然后从机释放总线
   8          */
   9          unsigned char OneWire_Init(void)
  10          {
  11   1        unsigned char i,AckBit;
  12   1        OneWire_DQ=1; //首先释放总线
  13   1        OneWire_DQ=0; //拉低总线
  14   1        i=227;while(--i); //Delay500us,最少480us
  15   1        OneWire_DQ=1; //释放总线
  16   1        i = 29;while(--i);  //Delay70us
  17   1        AckBit=OneWire_DQ;  //应答位
  18   1        i=227;while(--i); //Delay500us,补完时序
  19   1        return AckBit;
  20   1      }
  21          /*  发送一位：主机将总线拉低60-120us，然后释放总线，
  22          表示发送0；主机将总线拉低1-15us，然后释放总线，表示发送1
  23          从机将在总线拉低30us后(典型值)读取电平，整个时间片大于60us
  24          */
  25          //发送一个bit
  26          void OneWire_SendBit(unsigned char Bit)
  27          {
  28   1        unsigned char i;
  29   1        OneWire_DQ=0;
  30   1        i = 4;while (--i);  //DQ拉低10us
  31   1        OneWire_DQ=Bit; //将需要发送的bit放入DQ
  32   1        i = 22;while (--i); //延时50us
  33   1        OneWire_DQ=1;
  34   1      }
  35          
  36          /*接收一位：主机将总线拉低1-15us，然后释放总线，
  37          并在拉低后15us内读取总线电平（尽量贴近15us的末尾）
  38          读取为低电平则接收0，高电平则接收1，整个时间片应大于60us
  39          */
  40          //接收一个bit
  41          unsigned char OneWire_ReceiveBit(void)
  42          {
  43   1        unsigned char i,Bit;
  44   1        OneWire_DQ=0; //拉低总线
  45   1        i = 2;while (--i);  //延时5us
  46   1        OneWire_DQ=1; //拉高总线
  47   1        i=2;while(--i); //延时5us
  48   1        Bit=OneWire_DQ;
  49   1        i = 22;while (--i); //延时50us补完时许
  50   1        return Bit;
  51   1      }
  52          //发送一个字节
  53          void OneWire_SendByte(unsigned char Byte)
  54          {
C51 COMPILER V9.60.7.0   ONEWIRE                                                           05/17/2024 20:22:34 PAGE 2   

  55   1        unsigned char i;
  56   1        for(i=0;i<8;i++)
  57   1        {
  58   2          OneWire_SendBit(Byte&(0x01<<i));
  59   2        }
  60   1      }
  61          //接收一个字节
  62          unsigned char OneWire_ReceiveByte(void)
  63          {
  64   1        unsigned char i,Byte=0x00;
  65   1        for(i=0;i<8;i++)
  66   1        {
  67   2          if(OneWire_ReceiveBit()){Byte|=(0x01<<i);}
  68   2        }
  69   1        return Byte;
  70   1      }


MODULE INFORMATION:   STATIC OVERLAYABLE
   CODE SIZE        =    122    ----
   CONSTANT SIZE    =   ----    ----
   XDATA SIZE       =   ----    ----
   PDATA SIZE       =   ----    ----
   DATA SIZE        =   ----    ----
   IDATA SIZE       =   ----    ----
   BIT SIZE         =   ----    ----
END OF MODULE INFORMATION.


C51 COMPILATION COMPLETE.  0 WARNING(S),  0 ERROR(S)
