C51 COMPILER V9.60.7.0   MAIN                                                              05/12/2024 13:38:27 PAGE 1   


C51 COMPILER V9.60.7.0, COMPILATION OF MODULE MAIN
OBJECT MODULE PLACED IN .\Objects\main.obj
COMPILER INVOKED BY: E:\Keil_v5\C51\BIN\C51.EXE main.c OPTIMIZE(8,SPEED) BROWSE DEBUG OBJECTEXTEND PRINT(.\Listings\main
                    -.lst) TABS(2) OBJECT(.\Objects\main.obj)

line level    source

   1          #include <REGX52.H>
   2          #include "KEY.H"
   3          #include "LCD1602.H"
   4          #include "DELAY.H"
   5          #include "AT24C02.H"
   6          
   7          unsigned char Data,KeyNum;
   8          unsigned int Num;
   9          void main()
  10          {
  11   1        LCD_Init();
  12   1        LCD_ShowNum(1,1,Num,5);
  13   1      //  LCD_ShowString(1,1,"Hello World!");
  14   1      //  AT24C02_WriteByte(0,245);
  15   1      //  Delay(5);
  16   1      //  Data=AT24C02_ReadByte(0);
  17   1      //  LCD_ShowNum(2,1,Data,5);
  18   1        while(1)
  19   1        {
  20   2          KeyNum=Key();
  21   2          if(KeyNum==1){
  22   3            Num++;
  23   3            LCD_ShowNum(1,1,Num,5);
  24   3          }
  25   2          if(KeyNum==2){
  26   3            Num--;
  27   3            LCD_ShowNum(1,1,Num,5);
  28   3          }
  29   2          if(KeyNum==3){
  30   3            AT24C02_WriteByte(0,Num%256);
  31   3            Delay(5);
  32   3            AT24C02_WriteByte(1,Num/256);
  33   3            Delay(5);
  34   3            LCD_ShowString(2,1,"Write Done");
  35   3            Delay(1000);
  36   3            LCD_ShowString(2,1,"          ");
  37   3          }
  38   2          if(KeyNum==4){
  39   3            Num=AT24C02_ReadByte(0);
  40   3            Num|=AT24C02_ReadByte(1);
  41   3            LCD_ShowNum(1,1,Num,5);
  42   3            LCD_ShowString(2,1,"Read Done");
  43   3            Delay(1000);
  44   3            LCD_ShowString(2,1,"          ");     
  45   3          }
  46   2        }
  47   1      }


MODULE INFORMATION:   STATIC OVERLAYABLE
   CODE SIZE        =    211    ----
   CONSTANT SIZE    =     32    ----
   XDATA SIZE       =   ----    ----
   PDATA SIZE       =   ----    ----
C51 COMPILER V9.60.7.0   MAIN                                                              05/12/2024 13:38:27 PAGE 2   

   DATA SIZE        =      4    ----
   IDATA SIZE       =   ----    ----
   BIT SIZE         =   ----    ----
END OF MODULE INFORMATION.


C51 COMPILATION COMPLETE.  0 WARNING(S),  0 ERROR(S)
