C51 COMPILER V9.60.7.0   DS18B20                                                           05/17/2024 19:55:58 PAGE 1   


C51 COMPILER V9.60.7.0, COMPILATION OF MODULE DS18B20
OBJECT MODULE PLACED IN .\Objects\DS18B20.obj
COMPILER INVOKED BY: E:\Keil_v5\C51\BIN\C51.EXE DS18B20.c OPTIMIZE(8,SPEED) BROWSE DEBUG OBJECTEXTEND PRINT(.\Listings\D
                    -S18B20.lst) TABS(2) OBJECT(.\Objects\DS18B20.obj)

line level    source

   1          #include <REGX52.H>
   2          #include "ONEWIRE.H"
   3          #include "LCD1602.H"
   4          #define DS18B20_SKIP_ROM 0xcc //跳过ROM
   5          #define DS18B20_CONVERT_T 0x44  //开始温度变换
   6          #define DS18B20_READ_SCRATCHPAD 0xbe  //读暂存器指令
   7          
   8          //温度变换：初始化->跳过ROM->开始温度变换
   9          void DS18B20_ConvertT(void)
  10          {
  11   1        OneWire_Init();
  12   1        OneWire_SendByte(DS18B20_SKIP_ROM); //跳过ROM
  13   1        OneWire_SendByte(DS18B20_CONVERT_T);  //读暂存器
  14   1      }
  15          
  16          //温度读取：初始化->跳过ROM->读暂存器->连续的读操作
  17          float DS18B20_ReadT(void)
  18          {
  19   1        unsigned char TLSB,TMSB;
  20   1        int Temp; //16bit中间变量
  21   1        float T;
  22   1        OneWire_Init();
  23   1        OneWire_SendByte(DS18B20_SKIP_ROM);
  24   1        OneWire_SendByte(DS18B20_READ_SCRATCHPAD);
  25   1        TLSB=OneWire_ReceiveByte();
  26   1        TMSB=OneWire_ReceiveByte();
  27   1        LCD_ShowBinNum(1,1,TMSB,8);
  28   1        LCD_ShowBinNum(1,9,TLSB,8);
  29   1        Temp=(TMSB<<8)|TLSB;
  30   1        /*Temp=0000 0000 0000 0000
  31   1        TMSB左移8位，则占用高八位，假设为1111 1111 0000 0000
  32   1        1111 1111 0000 0000与TLSB或，则剩下的低8位被占用
  33   1        */
  34   1        T=Temp/16.0;
  35   1        return T;
  36   1      }


MODULE INFORMATION:   STATIC OVERLAYABLE
   CODE SIZE        =     88    ----
   CONSTANT SIZE    =   ----    ----
   XDATA SIZE       =   ----    ----
   PDATA SIZE       =   ----    ----
   DATA SIZE        =   ----       2
   IDATA SIZE       =   ----    ----
   BIT SIZE         =   ----    ----
END OF MODULE INFORMATION.


C51 COMPILATION COMPLETE.  0 WARNING(S),  0 ERROR(S)
