C51 COMPILER V9.60.7.0   TIMER0                                                            05/26/2024 12:36:21 PAGE 1   


C51 COMPILER V9.60.7.0, COMPILATION OF MODULE TIMER0
OBJECT MODULE PLACED IN .\Objects\Timer0.obj
COMPILER INVOKED BY: E:\Keil_v5\C51\BIN\C51.EXE Timer0.c OPTIMIZE(8,SPEED) BROWSE DEBUG OBJECTEXTEND PRINT(.\Listings\Ti
                    -mer0.lst) TABS(2) OBJECT(.\Objects\Timer0.obj)

line level    source

   1          #include <REGX52.H>
   2          
   3          void Timer0_Init(void)
   4          {
   5   1        TMOD &= 0xF0;   //设置定时器模式
   6   1        TMOD |= 0x01;   //设置定时器模式
   7   1        TL0 = 0;    //设置定时初值
   8   1        TH0 = 0;    //设置定时初值
   9   1        TF0 = 0;    //清除TF0标志
  10   1        TR0 = 0;    //定时器0不计时
  11   1      }
  12          
  13          void Timer0_SetCounter(unsigned int Value)
  14          {
  15   1        TH0=Value/256;
  16   1        TL0=Value%256;
  17   1      }
  18          
  19          unsigned int Timer0_GetCounter(void)
  20          {
  21   1        return (TH0<<8)|TL0;  //合并成16位数据
  22   1      }
  23          
  24          void Timer0_Run(unsigned char Flag)
  25          {
  26   1        TR0=Flag; //给1开始计时，0停止计时
  27   1      }
  28          
  29          /*定时器中断函数模板
  30          void Timer0_Routine() interrupt 1
  31          {
  32            static unsigned int T0Count;
  33            TL0 = 0x18;   //设置定时初值
  34            TH0 = 0xFC;   //设置定时初值
  35            T0Count++;
  36            if(T0Count>=1000)
  37            {
  38              T0Count=0;
  39              
  40            }
  41          }
  42          */


MODULE INFORMATION:   STATIC OVERLAYABLE
   CODE SIZE        =     42    ----
   CONSTANT SIZE    =   ----    ----
   XDATA SIZE       =   ----    ----
   PDATA SIZE       =   ----    ----
   DATA SIZE        =   ----    ----
   IDATA SIZE       =   ----    ----
   BIT SIZE         =   ----    ----
END OF MODULE INFORMATION.


C51 COMPILATION COMPLETE.  0 WARNING(S),  0 ERROR(S)
