C51 COMPILER V9.60.0.0   MAIN                                                              05/05/2024 11:36:13 PAGE 1   


C51 COMPILER V9.60.0.0, COMPILATION OF MODULE MAIN
OBJECT MODULE PLACED IN .\Objects\main.obj
COMPILER INVOKED BY: E:\Keil_v5\C51\BIN\C51.EXE main.c OPTIMIZE(8,SPEED) BROWSE DEBUG OBJECTEXTEND PRINT(.\Listings\main
                    -.lst) TABS(2) OBJECT(.\Objects\main.obj)

line level    source

   1          #include <REGX52.H>
   2          #include <LCD1602.h>
   3          #include <DS1302.H>
   4          
   5          void main()
   6          {
   7   1        LCD_Init();
   8   1        DS1302_Init();
   9   1        DS1302_SetTime();
  10   1        while(1)
  11   1        {
  12   2          DS1302_ReadTime();
  13   2          LCD_ShowNum(1,1,DS1302_Time[0],4);
  14   2          LCD_ShowNum(1,5,DS1302_Time[1],2);
  15   2          LCD_ShowNum(1,7,DS1302_Time[2],2);
  16   2          LCD_ShowNum(2,1,DS1302_Time[3],2);
  17   2          LCD_ShowNum(2,3,DS1302_Time[4],2);
  18   2          LCD_ShowNum(2,5,DS1302_Time[5],2);
  19   2          LCD_ShowNum(2,8,DS1302_Time[6],2);
  20   2      
  21   2        }
  22   1      }


MODULE INFORMATION:   STATIC OVERLAYABLE
   CODE SIZE        =    119    ----
   CONSTANT SIZE    =   ----    ----
   XDATA SIZE       =   ----    ----
   PDATA SIZE       =   ----    ----
   DATA SIZE        =   ----    ----
   IDATA SIZE       =   ----    ----
   BIT SIZE         =   ----    ----
END OF MODULE INFORMATION.


C51 COMPILATION COMPLETE.  0 WARNING(S),  0 ERROR(S)
