C51 COMPILER V9.60.7.0   DELAY                                                             05/20/2024 15:39:48 PAGE 1   


C51 COMPILER V9.60.7.0, COMPILATION OF MODULE DELAY
OBJECT MODULE PLACED IN .\Objects\DELAY.obj
COMPILER INVOKED BY: E:\Keil_v5\C51\BIN\C51.EXE DELAY.c OPTIMIZE(8,SPEED) BROWSE DEBUG OBJECTEXTEND PRINT(.\Listings\DEL
                    -AY.lst) TABS(2) OBJECT(.\Objects\DELAY.obj)

line level    source

   1          #include <REGX52.H>
   2          /**
   3            * @brief  delay延时
   4            * @param  无
   5            * @retval 无
   6            */
   7          void Delay(unsigned char xms)
   8          {
   9   1        unsigned int i,j;
  10   1        for(i=0;i<xms;i++){
  11   2          for(j=0;j<255;j++);
  12   2        }
  13   1      }


MODULE INFORMATION:   STATIC OVERLAYABLE
   CODE SIZE        =     34    ----
   CONSTANT SIZE    =   ----    ----
   XDATA SIZE       =   ----    ----
   PDATA SIZE       =   ----    ----
   DATA SIZE        =   ----    ----
   IDATA SIZE       =   ----    ----
   BIT SIZE         =   ----    ----
END OF MODULE INFORMATION.


C51 COMPILATION COMPLETE.  0 WARNING(S),  0 ERROR(S)
