C51 COMPILER V9.60.0.0   MAIN                                                              05/03/2024 23:27:26 PAGE 1   


C51 COMPILER V9.60.0.0, COMPILATION OF MODULE MAIN
OBJECT MODULE PLACED IN .\Objects\main.obj
COMPILER INVOKED BY: E:\Keil_v5\C51\BIN\C51.EXE main.c OPTIMIZE(8,SPEED) BROWSE DEBUG OBJECTEXTEND PRINT(.\Listings\main
                    -.lst) TABS(2) OBJECT(.\Objects\main.obj)

line level    source

   1          #include <REGX52.H>
   2          #include "delay.h"
   3          #include "MatrixLED.h"
   4          
   5          unsigned char Animation[]={
   6          0x00,0x00,0x00,0x00,0x00,0x00,0x00,0x00,
   7          0xFF,0x10,0x10,0x10,0xFF,0x00,0xFF,0x91,
   8          0x91,0x91,0x00,0xFF,0x80,0x80,0x80,0x00,
   9          0xFF,0x80,0x80,0x80,0x00,0x3C,0x42,0xC3,
  10          0x81,0x81,0xC3,0x42,0x3C,0x00,0x00,0x00,
  11          0x00,0x00,0x00,0x00,0x00,0x00,0x00,0x00,
  12          };
  13          
  14          void main()
  15          {
  16   1        unsigned char i,offset=1,Count=0;
  17   1        MatrixLED_Init();
  18   1        while(1)
  19   1        {
  20   2          for(i=0;i<8;i++){
  21   3            MatrixLED_ShowColumn(i,Animation[i+offset]);
  22   3          }
  23   2          Count++;
  24   2          if(Count>10){
  25   3            Count=0;
  26   3            offset++;
  27   3            if(offset>32){
  28   4              offset=0;
  29   4            }
  30   3          }
  31   2        }
  32   1      }


MODULE INFORMATION:   STATIC OVERLAYABLE
   CODE SIZE        =     77    ----
   CONSTANT SIZE    =   ----    ----
   XDATA SIZE       =   ----    ----
   PDATA SIZE       =   ----    ----
   DATA SIZE        =     48       3
   IDATA SIZE       =   ----    ----
   BIT SIZE         =   ----    ----
END OF MODULE INFORMATION.


C51 COMPILATION COMPLETE.  0 WARNING(S),  0 ERROR(S)
